
--- Run: 2026-06-01 03:39:33.600550 ---
Neuron Values:
  "INPUT_1": 1
  "INPUT_2": 1
  "INPUT_Carry": 0
  "XOR_1": 0
  "AND_1": 1
  "OR_1": 1
  "AND_2": 0
  "XOR_2": 0
  "OUTPUT_1": 0
  "OUTPUT_Carry": 1

Facts:
  val("INPUT_1", 1).
  val("INPUT_2", 1).
  val("INPUT_Carry", 0).
  val("XOR_1", 0).
  val("AND_1", 1).
  val("OR_1", 1).
  val("AND_2", 0).
  val("XOR_2", 0).
  val("OUTPUT_1", 0).
  val("OUTPUT_Carry", 1).

--- Run: 2026-06-02 12:12:53.994552 ---
Neuron Values:
  "INPUT_1": 1
  "INPUT_2": 1
  "INPUT_Carry": 0
  "XOR_1": 0
  "AND_1": 1
  "OR_1": 1
  "AND_2": 0
  "XOR_2": 0
  "OUTPUT_1": 0
  "OUTPUT_Carry": 1

Facts:
  val("INPUT_1", 1).
  val("INPUT_2", 1).
  val("INPUT_Carry", 0).
  val("XOR_1", 0).
  val("AND_1", 1).
  val("OR_1", 1).
  val("AND_2", 0).
  val("XOR_2", 0).
  val("OUTPUT_1", 0).
  val("OUTPUT_Carry", 1).

--- Run: 2026-06-02 12:13:55.555850 ---
Neuron Values:
  "INPUT_1": 1
  "XOR_1": 0
  "AND_1": 1
  "INPUT_2": 1
  "XOR_2": 0
  "AND_2": 0
  "OR_1": 1
  "OUTPUT_1": 0
  "OUTPUT_Carry": 1
  "INPUT_Carry": 0

Facts:
  val("INPUT_1", 1).
  val("XOR_1", 0).
  val("AND_1", 1).
  val("INPUT_2", 1).
  val("XOR_2", 0).
  val("AND_2", 0).
  val("OR_1", 1).
  val("OUTPUT_1", 0).
  val("OUTPUT_Carry", 1).
  val("INPUT_Carry", 0).

--- Run: 2026-06-02 12:16:09.433049 ---
Neuron Values:
  "INPUT_1": 1
  "INPUT_2": 1
  "INPUT_Carry": 0
  "XOR_1": 0
  "AND_1": 1
  "OR_1": 1
  "AND_2": 0
  "XOR_2": 0
  "OUTPUT_1": 0
  "OUTPUT_Carry": 1

Facts:
  val("INPUT_1", 1).
  val("INPUT_2", 1).
  val("INPUT_Carry", 0).
  val("XOR_1", 0).
  val("AND_1", 1).
  val("OR_1", 1).
  val("AND_2", 0).
  val("XOR_2", 0).
  val("OUTPUT_1", 0).
  val("OUTPUT_Carry", 1).

--- Run: 2026-06-02 12:16:17.518910 ---
Neuron Values:
  "INPUT_1": 1
  "XOR_1": 0
  "AND_1": 1
  "INPUT_2": 1
  "XOR_2": 0
  "AND_2": 0
  "OR_1": 1
  "OUTPUT_1": 0
  "OUTPUT_Carry": 1
  "INPUT_Carry": 0

Facts:
  val("INPUT_1", 1).
  val("XOR_1", 0).
  val("AND_1", 1).
  val("INPUT_2", 1).
  val("XOR_2", 0).
  val("AND_2", 0).
  val("OR_1", 1).
  val("OUTPUT_1", 0).
  val("OUTPUT_Carry", 1).
  val("INPUT_Carry", 0).

--- Run: 2026-06-02 12:16:25.628990 ---
Neuron Values:
  "INPUT_1": 1
  "XOR_1": 0
  "AND_1": 1
  "INPUT_2": 1
  "XOR_2": 0
  "AND_2": 0
  "OR_1": 1
  "OUTPUT_1": 0
  "OUTPUT_Carry": 1
  "INPUT_Carry": 0

Facts:
  val("INPUT_1", 1).
  val("XOR_1", 0).
  val("AND_1", 1).
  val("INPUT_2", 1).
  val("XOR_2", 0).
  val("AND_2", 0).
  val("OR_1", 1).
  val("OUTPUT_1", 0).
  val("OUTPUT_Carry", 1).
  val("INPUT_Carry", 0).

--- Run: 2026-06-02 12:16:26.502542 ---
Neuron Values:
  "INPUT_1": 1
  "XOR_1": 0
  "AND_1": 1
  "INPUT_2": 1
  "XOR_2": 0
  "AND_2": 0
  "OR_1": 1
  "OUTPUT_1": 0
  "OUTPUT_Carry": 1
  "INPUT_Carry": 0

Facts:
  val("INPUT_1", 1).
  val("XOR_1", 0).
  val("AND_1", 1).
  val("INPUT_2", 1).
  val("XOR_2", 0).
  val("AND_2", 0).
  val("OR_1", 1).
  val("OUTPUT_1", 0).
  val("OUTPUT_Carry", 1).
  val("INPUT_Carry", 0).

--- Run: 2026-06-02 12:16:29.504754 ---
Neuron Values:
  "INPUT_1": 1
  "XOR_1": 0
  "AND_1": 1
  "INPUT_2": 1
  "XOR_2": 0
  "AND_2": 0
  "OR_1": 1
  "OUTPUT_1": 0
  "OUTPUT_Carry": 1
  "INPUT_Carry": 0

Facts:
  val("INPUT_1", 1).
  val("XOR_1", 0).
  val("AND_1", 1).
  val("INPUT_2", 1).
  val("XOR_2", 0).
  val("AND_2", 0).
  val("OR_1", 1).
  val("OUTPUT_1", 0).
  val("OUTPUT_Carry", 1).
  val("INPUT_Carry", 0).

--- Run: 2026-06-02 12:16:30.349056 ---
Neuron Values:
  "INPUT_1": 1
  "XOR_1": 0
  "AND_1": 1
  "INPUT_2": 1
  "XOR_2": 0
  "AND_2": 0
  "OR_1": 1
  "OUTPUT_1": 0
  "OUTPUT_Carry": 1
  "INPUT_Carry": 0

Facts:
  val("INPUT_1", 1).
  val("XOR_1", 0).
  val("AND_1", 1).
  val("INPUT_2", 1).
  val("XOR_2", 0).
  val("AND_2", 0).
  val("OR_1", 1).
  val("OUTPUT_1", 0).
  val("OUTPUT_Carry", 1).
  val("INPUT_Carry", 0).

--- Run: 2026-06-02 12:16:39.134752 ---
Neuron Values:
  "INPUT_1": 1
  "XOR_1": 0
  "AND_1": 1
  "INPUT_2": 1
  "XOR_2": 0
  "AND_2": 0
  "OR_1": 1
  "OUTPUT_1": 0
  "OUTPUT_Carry": 1
  "INPUT_Carry": 0

Facts:
  val("INPUT_1", 1).
  val("XOR_1", 0).
  val("AND_1", 1).
  val("INPUT_2", 1).
  val("XOR_2", 0).
  val("AND_2", 0).
  val("OR_1", 1).
  val("OUTPUT_1", 0).
  val("OUTPUT_Carry", 1).
  val("INPUT_Carry", 0).

--- Run: 2026-06-03 22:43:06.955140 ---
Neuron Values:
  "INPUT_1": 1
  "INPUT_2": 1
  "INPUT_Carry": 0
  "XOR_1": 0
  "AND_1": 1
  "OR_1": 1
  "AND_2": 0
  "XOR_2": 0
  "OUTPUT_1": 0
  "OUTPUT_Carry": 1

Facts:
  val("INPUT_1", 1).
  val("INPUT_2", 1).
  val("INPUT_Carry", 0).
  val("XOR_1", 0).
  val("AND_1", 1).
  val("OR_1", 1).
  val("AND_2", 0).
  val("XOR_2", 0).
  val("OUTPUT_1", 0).
  val("OUTPUT_Carry", 1).

--- Run: 2026-06-03 22:45:22.494176 ---
Neuron Values:
  "INPUT_1": 1
  "INPUT_2": 1
  "INPUT_Carry": 0
  "XOR_1": 0
  "AND_1": 1
  "OR_1": 1
  "AND_2": 0
  "XOR_2": 0
  "OUTPUT_1": 0
  "OUTPUT_Carry": 1

Facts:
  val("INPUT_1", 1).
  val("INPUT_2", 1).
  val("INPUT_Carry", 0).
  val("XOR_1", 0).
  val("AND_1", 1).
  val("OR_1", 1).
  val("AND_2", 0).
  val("XOR_2", 0).
  val("OUTPUT_1", 0).
  val("OUTPUT_Carry", 1).
